<component name="libraryTable">
  <library name="junit">
    <CLASSES>
      <root url="jar://$PROJECT_DIR$/lib/junit/apiguardian-api-1.0.0.jar!/" />
      <root url="jar://$PROJECT_DIR$/lib/junit/junit-jupiter-api-5.5.0-M1.jar!/" />
      <root url="jar://$PROJECT_DIR$/lib/junit/junit-platform-commons-1.5.0-M1.jar!/" />
      <root url="jar://$PROJECT_DIR$/lib/junit/opentest4j-1.1.1.jar!/" />
    </CLASSES>
    <JAVADOC>
      <root url="jar://$PROJECT_DIR$/lib/junit/apiguardian-api-1.0.0-javadoc.jar!/" />
      <root url="jar://$PROJECT_DIR$/lib/junit/opentest4j-1.1.1-javadoc.jar!/" />
    </JAVADOC>
    <SOURCES />
  </library>
</component>